Removed Pin From Net: NetName=3V3D Pin=C41-1
Removed Pin From Net: NetName=GND Pin=C41-2
Removed Pin From Net: NetName=VLXSMPS Pin=L3-1
Removed Pin From Net: NetName=ACC_INT1 Pin=U6-10
Removed Pin From Net: NetName=ACC_INT2 Pin=U6-11
Removed Member From Class: ClassName=U_07-multimodal-microcontroller Member=C41
Removed Member From Class: ClassName=U_07-multimodal-microcontroller Member=L3
Added Component: Designator=C?(CAPTDK0402)
Add component (AddParameter): Name = "Supplier 1"; Value = "Digi-Key"; VariantName = "[No Variations]"
Add component (AddParameter): Name = "Supplier Part Number 1"; Value = "445-5932-1-ND"; VariantName = "[No Variations]"
Added Pin To Net: NetName=NetFB5_2 Pin=C?-1
Added Pin To Net: NetName=GND Pin=C?-2
Added Pin To Net: NetName=VLXSMPS Pin=L4-1
Added Pin To Net: NetName=ACC_INT1 Pin=U6-39
Added Pin To Net: NetName=ACC_INT2 Pin=U6-40
Change Net Name : Old Net Name=NetFB5_2 New Net Name=NetC?_1
Add Differential Pair: Number of nets in differential pair USB_DN is 1 instead of 2
Added Member To Class: ClassName=U_07-multimodal-microcontroller Member=Component C? C1005X7R1H104K050BB
Added Member To Class: ClassName=U_06-multimodal-analogfrontend-PPG Member=Component D9 SFH 7015
Add Class Member: Failed to add class member : Component SH1 MS190-10C
