Removed Pin From Net: NetName=VIN_REG Pin=C2-1
Removed Pin From Net: NetName=3V3D Pin=C7-1
Removed Pin From Net: NetName=1V8 Pin=C10-1
Removed Pin From Net: NetName=VIN_REG Pin=C11-1
Removed Pin From Net: NetName=GND Pin=C12-1
Removed Pin From Net: NetName=VIN_REG Pin=C12-2
Removed Pin From Net: NetName=VIN_REG Pin=C15-1
Removed Pin From Net: NetName=3V3D Pin=C18-1
Removed Pin From Net: NetName=GND Pin=C18-2
Removed Pin From Net: NetName=1V8 Pin=C19-1
Removed Pin From Net: NetName=GND Pin=C19-2
Removed Pin From Net: NetName=1V8 Pin=C20-1
Removed Pin From Net: NetName=GND Pin=C20-2
Removed Pin From Net: NetName=1V8 Pin=C31-1
Removed Pin From Net: NetName=3V3D Pin=C39-1
Removed Pin From Net: NetName=GND Pin=C39-2
Removed Pin From Net: NetName=GND Pin=C44-2
Removed Pin From Net: NetName=1V8 Pin=C47-1
Removed Pin From Net: NetName=BAT+ Pin=C63-1
Removed Pin From Net: NetName=GND Pin=C63-2
Removed Pin From Net: NetName=GND Pin=D2-2
Removed Pin From Net: NetName=GND Pin=J1-1
Removed Pin From Net: NetName=NetD1_1 Pin=J1-2
Removed Pin From Net: NetName=BAT+ Pin=J2-2
Removed Pin From Net: NetName=3V3D Pin=J4-1
Removed Pin From Net: NetName=RST_MCU Pin=J4-3
Removed Pin From Net: NetName=GND Pin=J4-5
Removed Pin From Net: NetName=GND Pin=J10-2
Removed Pin From Net: NetName=VIN_REG Pin=L1-1
Removed Pin From Net: NetName=1V8 Pin=L2-2
Removed Pin From Net: NetName=GND Pin=L3-1
Removed Pin From Net: NetName=GND Pin=L3-2
Removed Pin From Net: NetName=NetD1_1 Pin=R1-2
Removed Pin From Net: NetName=NetD1_1 Pin=R2-2
Removed Pin From Net: NetName=USB_VBUS Pin=R3-1
Removed Pin From Net: NetName=3V3D Pin=R4-2
Removed Pin From Net: NetName=3V3D Pin=R5-2
Removed Pin From Net: NetName=GND Pin=R8-1
Removed Pin From Net: NetName=GND Pin=R10-1
Removed Pin From Net: NetName=GND Pin=R11-1
Removed Pin From Net: NetName=GND Pin=R13-1
Removed Pin From Net: NetName=1V8 Pin=R14-2
Removed Pin From Net: NetName=GND Pin=R16-1
Removed Pin From Net: NetName=3V3D Pin=R18-2
Removed Pin From Net: NetName=3V3D Pin=R30-2
Removed Pin From Net: NetName=GND Pin=SW1-2
Removed Pin From Net: NetName=3V3D Pin=TP2-1
Removed Pin From Net: NetName=VIN_REG Pin=TP10-1
Removed Pin From Net: NetName=3V3D Pin=U1-3
Removed Pin From Net: NetName=VIN_REG Pin=U1-5
Removed Pin From Net: NetName=GND Pin=U1-7
Removed Pin From Net: NetName=VIN_REG Pin=U1-10
Removed Pin From Net: NetName=GND Pin=U1-13
Removed Pin From Net: NetName=VIN_REG Pin=U1-16
Removed Pin From Net: NetName=GND Pin=U1-17
Removed Pin From Net: NetName=I2C1_SCL Pin=U2-B1
Removed Pin From Net: NetName=VIN_REG Pin=U2-B2
Removed Pin From Net: NetName=I2C1_SDA Pin=U2-C1
Removed Pin From Net: NetName=BAT+ Pin=U2-C2
Removed Pin From Net: NetName=GND Pin=U2-D2
Removed Pin From Net: NetName=1V8 Pin=U5-D2
Removed Pin From Net: NetName=GND Pin=U10-D4
Removed Pin From Net: NetName=GND Pin=U10-D5
Removed Pin From Net: NetName=GND Pin=U10-G7
Removed Member From Class: ClassName=U_02-multimodal-pmic Member=C1
Removed Member From Class: ClassName=U_02-multimodal-pmic Member=C18
Removed Member From Class: ClassName=U_02-multimodal-pmic Member=C19
Removed Member From Class: ClassName=U_02-multimodal-pmic Member=C20
Removed Member From Class: ClassName=U_07-multimodal-microcontroller Member=C39
Removed Member From Class: ClassName=U_07-multimodal-microcontroller Member=C44
Removed Member From Class: ClassName=U_02-multimodal-pmic Member=D2
Removed Member From Class: ClassName=U_13-multimodal-connections Member=J4
Removed Member From Class: ClassName=U_02-multimodal-pmic Member=L1
Removed Member From Class: ClassName=U_02-multimodal-pmic Member=L2
Removed Member From Class: ClassName=U_07-multimodal-microcontroller Member=L4
Removed Member From Class: ClassName=U_02-multimodal-pmic Member=R13
Removed Member From Class: ClassName=U_02-multimodal-pmic Member=R14
Removed Member From Class: ClassName=U_02-multimodal-pmic Member=R16
Removed Member From Class: ClassName=U_07-multimodal-microcontroller Member=R30
Removed Member From Class: ClassName=U_02-multimodal-pmic Member=TP1
Removed Member From Class: ClassName=U_02-multimodal-pmic Member=TP2
Change Component Footprint: Designator=J1 Old Footprint=2-PIN-TH-CONN New Footprint=CONN_GRBP032_SUL
Change Component Footprint: Designator=J2 Old Footprint=Battery_connection New Footprint=2-PIN-TH-CONN
Change Component Footprint: Designator=C2 Old Footprint=CAPMRT1206 New Footprint=CAPTDK0402
Change Component Footprint: Designator=C3 Old Footprint=CAPMRT1206 New Footprint=CAPTDK0603
Change Component Footprint: Designator=C4 Old Footprint=CAPMRT1206 New Footprint=CAPTDK0603
Change Component Footprint: Designator=C5 Old Footprint=CAPMRT1206 New Footprint=CAPTDK0603
Change Component Footprint: Designator=C9 Old Footprint=CAPTDK0402 New Footprint=CAPTDK0603
Change Component Footprint: Designator=C13 Old Footprint=CAPTDK0402 New Footprint=CAPTDK0603
Change Component Footprint: Designator=C14 Old Footprint=CAPTDK0402 New Footprint=CAPTDK0603
Change Component Footprint: Designator=C1 Old Footprint=CAPTDK0603 New Footprint=CAPTDK0402
Change Component Footprint: Designator=C7 Old Footprint=CAPTDK0603 New Footprint=CAPTDK0402
Change Component Footprint: Designator=J4 Old Footprint=HARWIN_M20-9980346 New Footprint=Battery_connection
Change Component Footprint: Designator=U1 Old Footprint=LTC3100EUD#PBF New Footprint=21-100260_W563H3+1_ADI
Change Component Footprint: Designator=R4 Old Footprint=RES-STACK-POLE-0402 New Footprint=RES-STACK-POLE-0603
Change Component Footprint: Designator=R1 Old Footprint=RES-STACK-POLE-0603 New Footprint=RES-STACK-POLE-0402
Change Component Footprint: Designator=R8 Old Footprint=RES-STACK-POLE-0603 New Footprint=RES-STACK-POLE-0402
Change Component Footprint: Designator=R9 Old Footprint=RES-STACK-POLE-0603 New Footprint=RES-STACK-POLE-0402
Change Component Footprint: Designator=SW1 Old Footprint=TACTILE-SWITCH New Footprint=TACTILE-SWITCH - TINY
Change Component Comment : Designator=J2 Old Comment=battery_connection New Comment=TH-Connector
Change Component Comment : Designator=C11 Old Comment=C1005X5R1A475K050BC New Comment=CL05A225KO5NQNC
Change Component Comment : Designator=C9 Old Comment=C1005X5R1A475K050BC New Comment=GRM188R61A226ME15D
Change Component Comment : Designator=C13 Old Comment=C1005X5R1V105K050BC New Comment=GRM188R61A226ME15D
Change Component Comment : Designator=C10 Old Comment=CGA3E2C0G1H100D080AA New Comment=GRM188R61A226ME15D
Change Component Comment : Designator=C7 Old Comment=CGA3E2C0G1H330J080AA New Comment=C1005X7R1H104K050BB
Change Component Comment : Designator=C1 Old Comment=CGA3E2C0G1H680J080AA New Comment=C1005X5R1V105K050BC
Change Component Comment : Designator=C14 Old Comment=CL05A225KO5NQNC New Comment=GRM188R61A226ME15D
Change Component Comment : Designator=C2 Old Comment=GRM31CR60J227ME11K New Comment=C1005X5R1A475K050BC
Change Component Comment : Designator=C3 Old Comment=GRM31CR60J227ME11K New Comment=GRM188R61A226ME15D
Change Component Comment : Designator=C4 Old Comment=GRM31CR60J227ME11K New Comment=GRM188R61A226ME15D
Change Component Comment : Designator=C5 Old Comment=GRM31CR60J227ME11K New Comment=GRM188R61A226ME15D
Change Component Comment : Designator=C8 Old Comment=GRM155R61A106ME11D New Comment=C1005X5R1V105K050BC
Change Component Comment : Designator=C6 Old Comment=GRM155R61A106ME11D New Comment=CL05A225KO5NQNC
Change Component Comment : Designator=C15 Old Comment=GRM155R61A106ME11D New Comment=CL05A225KO5NQNC
Change Component Comment : Designator=U1 Old Comment=LTC3100EUD#PBF New Comment=MAX20345JEWN+T
Change Component Comment : Designator=J4 Old Comment=M20-9980346 New Comment=battery_connection
Change Component Comment : Designator=R8 Old Comment=RC0603FR-07150KL New Comment=RMCF0402FT100K
Change Component Comment : Designator=R9 Old Comment=RC0603FR-07270KL New Comment=RMCF0402FT100K
Change Component Comment : Designator=R2 Old Comment=RMCF0402FT100K New Comment=RMCF0402FT220K
Change Component Comment : Designator=R4 Old Comment=RMCF0402FT100K New Comment=RMCF0603ZT0R00
Change Component Comment : Designator=R7 Old Comment=RMCF0603FT475K New Comment=RMCF0603JG10K0
Change Component Comment : Designator=R1 Old Comment=RMCF0603ZT0R00 New Comment=RMCF0402FT93K1
Change Component Comment : Designator=R10 Old Comment=RT0603BRD0760KL New Comment=RMCF0603ZT0R00
Change Component Comment : Designator=J1 Old Comment=TH-Connector New Comment=GRPB032VWQS-RC
Change Component Comment : Designator=SW1 Old Comment=TL1015AF160QG New Comment=NANOT 240 AS
Change Component Kind : Designator=R1 Old Kind=Standard (No BOM) New Kind=Standard
Change Component Kind : Designator=R4 Old Kind=Standard New Kind=Standard (No BOM)
Change Component Kind : Designator=C10 Old Kind=Standard New Kind=Standard (No BOM)
Change component parameters: Designator = "C1" ("C1"); Footprint = "CAPTDK0603"; UniqueID = "\NOBCMHAC\BMBGLTFG" ("\NOBCMHAC\BMBGLTFG")
Change component parameters (AddParameter): Name = "Supplier 1"; Value = "Digi-Key"; VariantName = "[No Variations]"
Change component parameters (AddParameter): Name = "Supplier Part Number 1"; Value = "445-9073-1-ND"; VariantName = "[No Variations]"
Change component parameters: Designator = "C2" ("C2"); Footprint = "CAPMRT1206"; UniqueID = "\OFXTGSWV\PSACUUQF" ("\OFXTGSWV\PSACUUQF")
Change component parameters (AddParameter): Name = "Supplier 1"; Value = "Digi-Key"; VariantName = "[No Variations]"
Change component parameters (AddParameter): Name = "Supplier Part Number 1"; Value = "445-13820-1-ND"; VariantName = "[No Variations]"
Change component parameters: Designator = "C3" ("C3"); Footprint = "CAPMRT1206"; UniqueID = "\IMPGQXRL\JTXUIKUY" ("\IMPGQXRL\JTXUIKUY")
Change component parameters (AddParameter): Name = "Supplier 1"; Value = "Avnet"; VariantName = "[No Variations]"
Change component parameters (AddParameter): Name = "Supplier Part Number 1"; Value = "GRM188R61A226ME15D"; VariantName = "[No Variations]"
Change component parameters: Designator = "C4" ("C4"); Footprint = "CAPMRT1206"; UniqueID = "\IMPGQXRL\WDXJITGK" ("\IMPGQXRL\WDXJITGK")
Change component parameters (AddParameter): Name = "Supplier 1"; Value = "Avnet"; VariantName = "[No Variations]"
Change component parameters (AddParameter): Name = "Supplier Part Number 1"; Value = "GRM188R61A226ME15D"; VariantName = "[No Variations]"
Change component parameters: Designator = "C5" ("C5"); Footprint = "CAPMRT1206"; UniqueID = "\IMPGQXRL\TSPGWDAR" ("\IMPGQXRL\TSPGWDAR")
Change component parameters (AddParameter): Name = "Supplier 1"; Value = "Avnet"; VariantName = "[No Variations]"
Change component parameters (AddParameter): Name = "Supplier Part Number 1"; Value = "GRM188R61A226ME15D"; VariantName = "[No Variations]"
Change component parameters: Designator = "C6" ("C6"); Footprint = "CAPTDK0402"; UniqueID = "\IMPGQXRL\MIHVJJYE" ("\IMPGQXRL\MIHVJJYE")
Change component parameters (AddParameter): Name = "Supplier 1"; Value = "Avnet"; VariantName = "[No Variations]"
Change component parameters (AddParameter): Name = "Supplier Part Number 1"; Value = "CL05A225KO5NQNC"; VariantName = "[No Variations]"
Change component parameters: Designator = "C7" ("C7"); Footprint = "CAPTDK0603"; UniqueID = "\IMPGQXRL\VAXGUXZV" ("\IMPGQXRL\VAXGUXZV")
Change component parameters (AddParameter): Name = "Supplier 1"; Value = "Digi-Key"; VariantName = "[No Variations]"
Change component parameters (AddParameter): Name = "Supplier Part Number 1"; Value = "445-5932-1-ND"; VariantName = "[No Variations]"
Change component parameters: Designator = "C8" ("C8"); Footprint = "CAPTDK0402"; UniqueID = "\IMPGQXRL\NAVUOOML" ("\IMPGQXRL\NAVUOOML")
Change component parameters (AddParameter): Name = "Supplier 1"; Value = "Digi-Key"; VariantName = "[No Variations]"
Change component parameters (AddParameter): Name = "Supplier Part Number 1"; Value = "445-9073-1-ND"; VariantName = "[No Variations]"
Change component parameters: Designator = "C9" ("C9"); Footprint = "CAPTDK0402"; UniqueID = "\IMPGQXRL\VDWOUQQF" ("\IMPGQXRL\VDWOUQQF")
Change component parameters (AddParameter): Name = "Supplier 1"; Value = "Avnet"; VariantName = "[No Variations]"
Change component parameters (AddParameter): Name = "Supplier Part Number 1"; Value = "GRM188R61A226ME15D"; VariantName = "[No Variations]"
Change component parameters: Designator = "C10" ("C10"); Footprint = "CAPTDK0603"; UniqueID = "\IMPGQXRL\WTNZYCUD" ("\IMPGQXRL\WTNZYCUD")
Change component parameters (AddParameter): Name = "Supplier 1"; Value = "Avnet"; VariantName = "[No Variations]"
Change component parameters (AddParameter): Name = "Supplier Part Number 1"; Value = "GRM188R61A226ME15D"; VariantName = "[No Variations]"
Change component parameters: Designator = "C11" ("C11"); Footprint = "CAPTDK0402"; UniqueID = "\IMPGQXRL\ALFQMMNZ" ("\IMPGQXRL\ALFQMMNZ")
Change component parameters (AddParameter): Name = "Supplier 1"; Value = "Avnet"; VariantName = "[No Variations]"
Change component parameters (AddParameter): Name = "Supplier Part Number 1"; Value = "CL05A225KO5NQNC"; VariantName = "[No Variations]"
Change component parameters: Designator = "C13" ("C13"); Footprint = "CAPTDK0402"; UniqueID = "\IMPGQXRL\BIKBWYPT" ("\IMPGQXRL\BIKBWYPT")
Change component parameters (AddParameter): Name = "Supplier 1"; Value = "Avnet"; VariantName = "[No Variations]"
Change component parameters (AddParameter): Name = "Supplier Part Number 1"; Value = "GRM188R61A226ME15D"; VariantName = "[No Variations]"
Change component parameters: Designator = "C14" ("C14"); Footprint = "CAPTDK0402"; UniqueID = "\IMPGQXRL\ZEVOSTFI" ("\IMPGQXRL\ZEVOSTFI")
Change component parameters (AddParameter): Name = "Supplier 1"; Value = "Avnet"; VariantName = "[No Variations]"
Change component parameters (AddParameter): Name = "Supplier Part Number 1"; Value = "GRM188R61A226ME15D"; VariantName = "[No Variations]"
Change component parameters: Designator = "C15" ("C15"); Footprint = "CAPTDK0402"; UniqueID = "\IMPGQXRL\CPVZFGYL" ("\IMPGQXRL\CPVZFGYL")
Change component parameters (AddParameter): Name = "Supplier 1"; Value = "Avnet"; VariantName = "[No Variations]"
Change component parameters (AddParameter): Name = "Supplier Part Number 1"; Value = "CL05A225KO5NQNC"; VariantName = "[No Variations]"
Change component parameters: Designator = "J1" ("J1"); Footprint = "2-PIN-TH-CONN"; UniqueID = "\TZUFNCLH\DYCBLAZQ" ("\TZUFNCLH\DYCBLAZQ")
Change component parameters (AddParameter): Name = "Copyright"; Value = "Copyright (C) 2025 Ultra Librarian. All rights reserved."; VariantName = "[No Variations]"
Change component parameters (AddParameter): Name = "Manufacturer_Name"; Value = "Sullins"; VariantName = "[No Variations]"
Change component parameters (AddParameter): Name = "Manufacturer_Part_Number"; Value = "GRPB032VWQS-RC"; VariantName = "[No Variations]"
Change component parameters (AddParameter): Name = "RefDes"; Value = "RefDes"; VariantName = "[No Variations]"
Change component parameters (AddParameter): Name = "Supplier 1"; Value = "DigiKey"; VariantName = "[No Variations]"
Change component parameters (AddParameter): Name = "Supplier Part Number 1"; Value = "S9012E-03-ND"; VariantName = "[No Variations]"
Change component parameters (AddParameter): Name = "Type"; Value = "Type"; VariantName = "[No Variations]"
Change component parameters: Designator = "J4" ("J4"); Footprint = "HARWIN_M20-9980346"; UniqueID = "\IMPGQXRL\RMWDJPMS" ("\IMPGQXRL\RMWDJPMS")
Change component parameters: Designator = "R1" ("R1"); Footprint = "RES-STACK-POLE-0603"; UniqueID = "\NOBCMHAC\DEDNVMGV" ("\NOBCMHAC\DEDNVMGV")
Change component parameters (AddParameter): Name = "Copyright"; Value = "Copyright (C) 2022 Ultra Librarian. All rights reserved."; VariantName = "[No Variations]"
Change component parameters (AddParameter): Name = "Digi-Key_Part_Number_1"; Value = "RMCF0603FT80K6CT-ND"; VariantName = "[No Variations]"
Change component parameters (AddParameter): Name = "Digi-Key_Part_Number_2"; Value = "RMCF0603FT80K6DKR-ND"; VariantName = "[No Variations]"
Change component parameters (AddParameter): Name = "Digi-Key_Part_Number_3"; Value = "RMCF0603FT80K6TR-ND"; VariantName = "[No Variations]"
Change component parameters (AddParameter): Name = "Manufacturer_Part_Number"; Value = "RMCF0603FT80K6"; VariantName = "[No Variations]"
Change component parameters (AddParameter): Name = "Mfr_Name"; Value = "Stackpole International"; VariantName = "[No Variations]"
Change component parameters (AddParameter): Name = "RefDes"; Value = "RefDes"; VariantName = "[No Variations]"
Change component parameters (AddParameter): Name = "Supplier 1"; Value = "Digi-Key"; VariantName = "[No Variations]"
Change component parameters (AddParameter): Name = "Supplier Part Number 1"; Value = "RMCF0402FT93K1CT-ND"; VariantName = "[No Variations]"
Change component parameters (AddParameter): Name = "Type"; Value = "DEV"; VariantName = "[No Variations]"
Change component parameters: Designator = "R2" ("R2"); Footprint = "RES-STACK-POLE-0402"; UniqueID = "\NOBCMHAC\WNMXSCJB" ("\NOBCMHAC\WNMXSCJB")
Change component parameters (AddParameter): Name = "Supplier 1"; Value = "Digi-Key"; VariantName = "[No Variations]"
Change component parameters (AddParameter): Name = "Supplier Part Number 1"; Value = "RMCF0402FT220KCT-ND"; VariantName = "[No Variations]"
Change component parameters: Designator = "R4" ("R4"); Footprint = "RES-STACK-POLE-0402"; UniqueID = "\IMPGQXRL\CRAGXPNG" ("\IMPGQXRL\CRAGXPNG")
Change component parameters (AddParameter): Name = "Supplier 1"; Value = "Digi-Key"; VariantName = "[No Variations]"
Change component parameters (AddParameter): Name = "Supplier Part Number 1"; Value = "RMCF0603ZT0R00CT-ND"; VariantName = "[No Variations]"
Change component parameters: Designator = "R7" ("R7"); Footprint = "RES-STACK-POLE-0603"; UniqueID = "\IMPGQXRL\CDOLAOQI" ("\IMPGQXRL\CDOLAOQI")
Change component parameters (AddParameter): Name = "Supplier 1"; Value = "Digi-Key"; VariantName = "[No Variations]"
Change component parameters (AddParameter): Name = "Supplier Part Number 1"; Value = "738-RMCF0603JG10K0CT-ND"; VariantName = "[No Variations]"
Change component parameters: Designator = "R8" ("R8"); Footprint = "RES-STACK-POLE-0603"; UniqueID = "\IMPGQXRL\CTGUXSFP" ("\IMPGQXRL\CTGUXSFP")
Change component parameters (AddParameter): Name = "Supplier 1"; Value = "Digi-Key"; VariantName = "[No Variations]"
Change component parameters (AddParameter): Name = "Supplier Part Number 1"; Value = "RMCF0402FT100KCT-ND"; VariantName = "[No Variations]"
Change component parameters: Designator = "R9" ("R9"); Footprint = "RES-STACK-POLE-0603"; UniqueID = "\IMPGQXRL\JKJHYGRI" ("\IMPGQXRL\JKJHYGRI")
Change component parameters (AddParameter): Name = "Supplier 1"; Value = "Digi-Key"; VariantName = "[No Variations]"
Change component parameters (AddParameter): Name = "Supplier Part Number 1"; Value = "RMCF0402FT100KCT-ND"; VariantName = "[No Variations]"
Change component parameters: Designator = "R10" ("R10"); Footprint = "RES-STACK-POLE-0603"; UniqueID = "\IMPGQXRL\WAGQVOED" ("\IMPGQXRL\WAGQVOED")
Change component parameters (AddParameter): Name = "Supplier 1"; Value = "Digi-Key"; VariantName = "[No Variations]"
Change component parameters (AddParameter): Name = "Supplier Part Number 1"; Value = "RMCF0603ZT0R00CT-ND"; VariantName = "[No Variations]"
Change component parameters: Designator = "SW1" ("SW1"); Footprint = "TACTILE-SWITCH"; UniqueID = "\IMPGQXRL\EHODUXVL" ("\IMPGQXRL\EHODUXVL")
Change component parameters (AddParameter): Name = "Supplier 1"; Value = "Future Electronics"; VariantName = "[No Variations]"
Change component parameters (AddParameter): Name = "Supplier Part Number 1"; Value = "2189518"; VariantName = "[No Variations]"
Change component parameters: Designator = "U1" ("U1"); Footprint = "LTC3100EUD#PBF"; UniqueID = "\IMPGQXRL\FCMMXOTU" ("\IMPGQXRL\FCMMXOTU")
Change component parameters (AddParameter): Name = "Copyright"; Value = "Copyright (C) 2026 Ultra Librarian. All rights reserved."; VariantName = "[No Variations]"
Change component parameters (AddParameter): Name = "Manufacturer_Name"; Value = "Analog Devices Inc"; VariantName = "[No Variations]"
Change component parameters (AddParameter): Name = "Manufacturer_Part_Number"; Value = "MAX20345KEWN+T"; VariantName = "[No Variations]"
Change component parameters (AddParameter): Name = "RefDes"; Value = "RefDes"; VariantName = "[No Variations]"
Change component parameters (AddParameter): Name = "Supplier 1"; Value = "DigiKey"; VariantName = "[No Variations]"
Change component parameters (AddParameter): Name = "Supplier Part Number 1"; Value = "505-MAX20345JEWN+TTR-ND"; VariantName = "[No Variations]"
Change component parameters (AddParameter): Name = "Type"; Value = "Type"; VariantName = "[No Variations]"
Added Component: Designator=C64(CAPTDK0402)
Add component (AddParameter): Name = "Supplier 1"; Value = "Avnet"; VariantName = "[No Variations]"
Add component (AddParameter): Name = "Supplier Part Number 1"; Value = "CL05A225KO5NQNC"; VariantName = "[No Variations]"
Added Component: Designator=J11(NTC_connection)
Added Component: Designator=L7(IND_DFE2016_MUR-L)
Add component (AddParameter): Name = "Copyright"; Value = "Copyright (C) 2025 Ultra Librarian. All rights reserved."; VariantName = "[No Variations]"
Add component (AddParameter): Name = "Manufacturer_Name"; Value = "Murata"; VariantName = "[No Variations]"
Add component (AddParameter): Name = "Manufacturer_Part_Number"; Value = "DFE201612E-2R2M=P2"; VariantName = "[No Variations]"
Add component (AddParameter): Name = "RefDes"; Value = ""; VariantName = "[No Variations]"
Add component (AddParameter): Name = "Type"; Value = "Fixed Inductors"; VariantName = "[No Variations]"
Added Component: Designator=L9(IND_DFE2016_MUR-L)
Add component (AddParameter): Name = "Copyright"; Value = "Copyright (C) 2025 Ultra Librarian. All rights reserved."; VariantName = "[No Variations]"
Add component (AddParameter): Name = "Manufacturer_Name"; Value = "Murata"; VariantName = "[No Variations]"
Add component (AddParameter): Name = "Manufacturer_Part_Number"; Value = "DFE201612E-2R2M=P2"; VariantName = "[No Variations]"
Add component (AddParameter): Name = "RefDes"; Value = ""; VariantName = "[No Variations]"
Add component (AddParameter): Name = "Type"; Value = "Fixed Inductors"; VariantName = "[No Variations]"
Added Component: Designator=L10(IND_DFE2016_MUR-L)
Add component (AddParameter): Name = "Copyright"; Value = "Copyright (C) 2025 Ultra Librarian. All rights reserved."; VariantName = "[No Variations]"
Add component (AddParameter): Name = "Manufacturer_Name"; Value = "Murata"; VariantName = "[No Variations]"
Add component (AddParameter): Name = "Manufacturer_Part_Number"; Value = "DFE201612E-2R2M=P2"; VariantName = "[No Variations]"
Add component (AddParameter): Name = "RefDes"; Value = ""; VariantName = "[No Variations]"
Add component (AddParameter): Name = "Type"; Value = "Fixed Inductors"; VariantName = "[No Variations]"
Added Component: Designator=TP5(TESTPOINT_S)
Added Component: Designator=TP6(TESTPOINT_S)
Added Component: Designator=TP11(TESTPOINT_S)
Added Component: Designator=TP12(TESTPOINT_S)
Added Component: Designator=TP13(TESTPOINT_S)
Added Component: Designator=TP14(TESTPOINT_S)
Added Component: Designator=TP15(TESTPOINT_S)
Added Pin To Net: NetName=GND Pin=C1-2
Added Pin To Net: NetName=3V3D Pin=C2-1
Added Pin To Net: NetName=BAT+ Pin=C6-1
Added Pin To Net: NetName=GND Pin=C7-2
Added Pin To Net: NetName=USB_VBUS Pin=C8-1
Added Pin To Net: NetName=GND Pin=C10-2
Added Pin To Net: NetName=GND Pin=C12-2
Added Pin To Net: NetName=GND Pin=C64-2
Added Pin To Net: NetName=3V3D Pin=J1-1
Added Pin To Net: NetName=RST_MCU Pin=J1-3
Added Pin To Net: NetName=GND Pin=J1-5
Added Pin To Net: NetName=NetD1_1 Pin=J2-2
Added Pin To Net: NetName=GND Pin=J4-1
Added Pin To Net: NetName=BAT+ Pin=J4-2
Added Pin To Net: NetName=GND Pin=J11-2
Added Pin To Net: NetName=USB_VBUS Pin=R3-2
Added Pin To Net: NetName=NetD1_1 Pin=R4-2
Added Pin To Net: NetName=GND Pin=R5-1
Added Pin To Net: NetName=NetD1_1 Pin=R5-2
Added Pin To Net: NetName=GND Pin=R7-1
Added Pin To Net: NetName=3V3D Pin=R8-2
Added Pin To Net: NetName=RST_MCU Pin=R10-1
Added Pin To Net: NetName=GND Pin=SW1-1
Added Pin To Net: NetName=VIN_REG Pin=TP5-1
Added Pin To Net: NetName=GND Pin=TP6-1
Added Pin To Net: NetName=3V3D Pin=TP14-1
Added Pin To Net: NetName=GND Pin=U1-A2
Added Pin To Net: NetName=VIN_REG Pin=U1-A4
Added Pin To Net: NetName=GND Pin=U1-A7
Added Pin To Net: NetName=VIN_REG Pin=U1-B3
Added Pin To Net: NetName=VIN_REG Pin=U1-B5
Added Pin To Net: NetName=VIN_REG Pin=U1-B6
Added Pin To Net: NetName=3V3D Pin=U1-B7
Added Pin To Net: NetName=VIN_REG Pin=U1-B8
Added Pin To Net: NetName=BAT+ Pin=U1-C1
Added Pin To Net: NetName=BAT+ Pin=U1-C2
Added Pin To Net: NetName=GND Pin=U1-C5
Added Pin To Net: NetName=VIN_REG Pin=U1-D1
Added Pin To Net: NetName=VIN_REG Pin=U1-D2
Added Pin To Net: NetName=GND Pin=U1-D4
Added Pin To Net: NetName=GND Pin=U1-D5
Added Pin To Net: NetName=I2C1_SCL Pin=U1-D8
Added Pin To Net: NetName=USB_VBUS Pin=U1-E1
Added Pin To Net: NetName=USB_VBUS Pin=U1-E2
Added Pin To Net: NetName=GND Pin=U1-E4
Added Pin To Net: NetName=GND Pin=U1-E5
Added Pin To Net: NetName=I2C1_SDA Pin=U1-E8
Added Pin To Net: NetName=VIN_REG Pin=U1-F1
Added Pin To Net: NetName=VIN_REG Pin=U1-F3
Added Pin To Net: NetName=VIN_REG Pin=U1-F8
Added Pin To Net: NetName=GND Pin=U1-G2
Added Pin To Net: NetName=GND Pin=U1-G7
Added Pin To Net: NetName=3V3D Pin=U6-41
Added Pin To Net: NetName=3V3D Pin=U6-43
Change Net Name : Old Net Name=1V8 New Net Name=1V8A
Change Net Name : Old Net Name=VIN_REG New Net Name=SYS
Add Net: Net with name "1V8A" already exists
Added Pin To Net: NetName=1V8D Pin=C13-1
Added Pin To Net: NetName=1V8D Pin=TP13-1
Added Pin To Net: NetName=1V8D Pin=U1-F2
Added Net: Name=1V8D
Add Net: Net with name "1V8D" already exists
Added Pin To Net: NetName=3V3_LED Pin=FB3-2
Added Pin To Net: NetName=3V3_LED Pin=FB4-2
Added Net: Name=3V3_LED
Add Net: Net with name "3V3_LED" already exists
Added Pin To Net: NetName=5V_LED Pin=C9-1
Added Pin To Net: NetName=5V_LED Pin=C10-1
Added Pin To Net: NetName=5V_LED Pin=U1-B1
Added Pin To Net: NetName=5V_LED Pin=U1-B2
Added Net: Name=5V_LED
Add Net: Net with name "5V_LED" already exists
Added Pin To Net: NetName=BK2OUT Pin=L10-1
Added Net: Name=BK2OUT
Added Pin To Net: NetName=BK3OUT Pin=L9-2
Added Net: Name=BK3OUT
Added Pin To Net: NetName=GD_BIAS Pin=C1-1
Added Pin To Net: NetName=GD_BIAS Pin=R1-1
Added Pin To Net: NetName=GD_BIAS Pin=R2-2
Added Pin To Net: NetName=GD_BIAS Pin=TP1-1
Added Pin To Net: NetName=GD_BIAS Pin=TP2-1
Added Net: Name=GD_BIAS
Added Pin To Net: NetName=INT Pin=R8-1
Added Pin To Net: NetName=INT Pin=U1-G6
Added Pin To Net: NetName=INT Pin=U6-64
Added Net: Name=INT
Added Pin To Net: NetName=ISET Pin=R7-2
Added Pin To Net: NetName=ISET Pin=TP9-1
Added Pin To Net: NetName=ISET Pin=U1-B4
Added Net: Name=ISET
Added Pin To Net: NetName=L3OUT Pin=C15-1
Added Pin To Net: NetName=L3OUT Pin=TP15-1
Added Pin To Net: NetName=L3OUT Pin=U1-A6
Added Net: Name=L3OUT
Added Pin To Net: NetName=NetC64_1 Pin=C64-1
Added Pin To Net: NetName=NetC64_1 Pin=U1-E3
Added Net: Name=NetC64_1
Added Pin To Net: NetName=NetJ1_2 Pin=J1-2
Added Pin To Net: NetName=NetJ1_2 Pin=U6-54
Added Net: Name=NetJ1_2
Added Pin To Net: NetName=NetJ1_4 Pin=J1-4
Added Pin To Net: NetName=NetJ1_4 Pin=U6-56
Added Net: Name=NetJ1_4
Added Pin To Net: NetName=NetJ1_6 Pin=J1-6
Added Pin To Net: NetName=NetJ1_6 Pin=U6-63
Added Net: Name=NetJ1_6
Added Pin To Net: NetName=NetL7_1 Pin=L7-1
Added Pin To Net: NetName=NetL7_1 Pin=U1-A1
Added Net: Name=NetL7_1
Added Pin To Net: NetName=NetL7_2 Pin=L7-2
Added Pin To Net: NetName=NetL7_2 Pin=U1-A3
Added Net: Name=NetL7_2
Added Pin To Net: NetName=NetL9_1 Pin=L9-1
Added Pin To Net: NetName=NetL9_1 Pin=U1-A8
Added Net: Name=NetL9_1
Added Pin To Net: NetName=NetL10_2 Pin=L10-2
Added Pin To Net: NetName=NetL10_2 Pin=U1-G1
Added Net: Name=NetL10_2
Added Pin To Net: NetName=NetR10_2 Pin=R10-2
Added Pin To Net: NetName=NetR10_2 Pin=U1-E6
Added Net: Name=NetR10_2
Added Pin To Net: NetName=NetTP10_1 Pin=TP10-1
Added Pin To Net: NetName=NetTP10_1 Pin=U1-F6
Added Net: Name=NetTP10_1
Added Pin To Net: NetName=PFN1 Pin=C7-1
Added Pin To Net: NetName=PFN1 Pin=SW1-2
Added Pin To Net: NetName=PFN1 Pin=U1-E7
Added Net: Name=PFN1
Added Pin To Net: NetName=PFN2 Pin=R9-1
Added Pin To Net: NetName=PFN2 Pin=U1-D6
Added Pin To Net: NetName=PFN2 Pin=U6-61
Added Net: Name=PFN2
Added Pin To Net: NetName=THM Pin=J11-1
Added Pin To Net: NetName=THM Pin=R11-2
Added Pin To Net: NetName=THM Pin=U1-C3
Added Net: Name=THM
Added Pin To Net: NetName=TPU Pin=R11-1
Added Pin To Net: NetName=TPU Pin=U1-C4
Added Net: Name=TPU
Added Pin To Net: NetName=VIN Pin=R3-1
Added Pin To Net: NetName=VIN Pin=R4-1
Added Pin To Net: NetName=VIN Pin=TP3-1
Added Net: Name=VIN
Change Class Name : Old Net Name=U_02-multimodal-pmic New Net Name=U_01-multimodal-powersupply
Add Differential Pair: Number of nets in differential pair USB_DN is 1 instead of 2
Added Member To Class: ClassName=U_05-multimodal-analogfrontend Member=Component C1 C1005X5R1V105K050BC
Added Member To Class: ClassName=U_07-multimodal-microcontroller Member=Component C2 C1005X5R1A475K050BC
Added Member To Class: ClassName=U_01-multimodal-powersupply Member=Component C3 GRM188R61A226ME15D
Added Member To Class: ClassName=U_01-multimodal-powersupply Member=Component C4 GRM188R61A226ME15D
Added Member To Class: ClassName=U_01-multimodal-powersupply Member=Component C5 GRM188R61A226ME15D
Added Member To Class: ClassName=U_01-multimodal-powersupply Member=Component C13 GRM188R61A226ME15D
Added Member To Class: ClassName=U_01-multimodal-powersupply Member=Component C15 CL05A225KO5NQNC
Added Member To Class: ClassName=U_01-multimodal-powersupply Member=Component C64 CL05A225KO5NQNC
Added Member To Class: ClassName=U_01-multimodal-powersupply Member=Component D1 DESD3V3S1BL-7B
Added Member To Class: ClassName=U_13-multimodal-connections Member=Component J1 GRPB032VWQS-RC
Added Member To Class: ClassName=U_01-multimodal-powersupply Member=Component J2 TH-Connector
Added Member To Class: ClassName=U_01-multimodal-powersupply Member=Component J4 battery_connection
Added Member To Class: ClassName=U_01-multimodal-powersupply Member=Component J11 SEMITEC 103AT-11
Added Member To Class: ClassName=U_01-multimodal-powersupply Member=Component L7 DFE201612E-2R2M=P2
Added Member To Class: ClassName=U_01-multimodal-powersupply Member=Component L9 DFE201612E-2R2M=P2
Added Member To Class: ClassName=U_01-multimodal-powersupply Member=Component L10 DFE201612E-2R2M=P2
Added Member To Class: ClassName=U_05-multimodal-analogfrontend Member=Component R1 RMCF0402FT93K1
Added Member To Class: ClassName=U_05-multimodal-analogfrontend Member=Component R2 RMCF0402FT220K
Added Member To Class: ClassName=U_01-multimodal-powersupply Member=Component R3 RMCF0603ZT0R00
Add Class Member: Failed to add class member : Component SH1 MS190-10C
Added Member To Class: ClassName=U_01-multimodal-powersupply Member=Component SW1 NANOT 240 AS
Added Member To Class: ClassName=U_05-multimodal-analogfrontend Member=Component TP1 TESTPOINT_S
Added Member To Class: ClassName=U_05-multimodal-analogfrontend Member=Component TP2 TESTPOINT_S
Added Member To Class: ClassName=U_01-multimodal-powersupply Member=Component TP5 TESTPOINT_S
Added Member To Class: ClassName=U_01-multimodal-powersupply Member=Component TP6 TESTPOINT_S
Added Member To Class: ClassName=U_01-multimodal-powersupply Member=Component TP9 TESTPOINT_S
Added Member To Class: ClassName=U_01-multimodal-powersupply Member=Component TP10 TESTPOINT_S
Added Member To Class: ClassName=U_01-multimodal-powersupply Member=Component TP11 TESTPOINT_S
Added Member To Class: ClassName=U_01-multimodal-powersupply Member=Component TP12 TESTPOINT_S
Added Member To Class: ClassName=U_01-multimodal-powersupply Member=Component TP13 TESTPOINT_S
Added Member To Class: ClassName=U_01-multimodal-powersupply Member=Component TP14 TESTPOINT_S
Added Member To Class: ClassName=U_01-multimodal-powersupply Member=Component TP15 TESTPOINT_S
Added Rule: Name=Schematic Supply Nets_5
Added Rule: Name=Schematic Supply Nets_6
Added Rule: Name=Schematic Supply Nets_7
Added Rule: Name=Schematic Supply Nets_8
