Change Physical Footprint: Designator=AE1 Old Footprint=ANTENNA New Footprint=ANTENNA
Change Physical Footprint: Designator=C1 Old Footprint=CAPTDK0402 New Footprint=CAPTDK0402
Change Physical Footprint: Designator=C2 Old Footprint=CAPTDK0402 New Footprint=CAPTDK0402
Change Physical Footprint: Designator=C3 Old Footprint=CAPTDK0603 New Footprint=CAPTDK0603
Change Physical Footprint: Designator=C4 Old Footprint=CAPTDK0603 New Footprint=CAPTDK0603
Change Physical Footprint: Designator=C5 Old Footprint=CAPTDK0603 New Footprint=CAPTDK0603
Change Physical Footprint: Designator=C6 Old Footprint=CAPTDK0402 New Footprint=CAPTDK0402
Change Physical Footprint: Designator=C7 Old Footprint=CAPTDK0402 New Footprint=CAPTDK0402
Change Physical Footprint: Designator=C8 Old Footprint=CAPTDK0402 New Footprint=CAPTDK0402
Change Physical Footprint: Designator=C9 Old Footprint=CAPTDK0603 New Footprint=CAPTDK0603
Change Physical Footprint: Designator=C10 Old Footprint=CAPTDK0603 New Footprint=CAPTDK0603
Change Physical Footprint: Designator=C11 Old Footprint=CAPTDK0402 New Footprint=CAPTDK0402
Change Physical Footprint: Designator=C12 Old Footprint=CAPTDK0402 New Footprint=CAPTDK0402
Change Physical Footprint: Designator=C13 Old Footprint=CAPTDK0603 New Footprint=CAPTDK0603
Change Physical Footprint: Designator=C14 Old Footprint=CAPTDK0603 New Footprint=CAPTDK0603
Change Physical Footprint: Designator=C15 Old Footprint=CAPTDK0402 New Footprint=CAPTDK0402
Change Physical Footprint: Designator=C16 Old Footprint=CAPTDK0402 New Footprint=CAPTDK0402
Change Physical Footprint: Designator=C17 Old Footprint=CAPTDK0402 New Footprint=CAPTDK0402
Change Physical Footprint: Designator=C21 Old Footprint=CAPTDK0402 New Footprint=CAPTDK0402
Change Physical Footprint: Designator=C22 Old Footprint=CAPTDK0402 New Footprint=CAPTDK0402
Change Physical Footprint: Designator=C23 Old Footprint=CAPTDK0402 New Footprint=CAPTDK0402
Change Physical Footprint: Designator=C24 Old Footprint=CAPTDK0402 New Footprint=CAPTDK0402
Change Physical Footprint: Designator=C25 Old Footprint=CAPTDK0402 New Footprint=CAPTDK0402
Change Physical Footprint: Designator=C26 Old Footprint=CAPTDK0402 New Footprint=CAPTDK0402
Change Physical Footprint: Designator=C27 Old Footprint=CAPTDK0402 New Footprint=CAPTDK0402
Change Physical Footprint: Designator=C28 Old Footprint=CAPTDK0402 New Footprint=CAPTDK0402
Change Physical Footprint: Designator=C29 Old Footprint=CAPTDK0402 New Footprint=CAPTDK0402
Change Physical Footprint: Designator=C30 Old Footprint=CAPTDK0402 New Footprint=CAPTDK0402
Change Physical Footprint: Designator=C31 Old Footprint=CAPTDK0402 New Footprint=CAPTDK0402
Change Physical Footprint: Designator=C32 Old Footprint=CAPTDK0402 New Footprint=CAPTDK0402
Change Physical Footprint: Designator=C33 Old Footprint=CAPTDK0402 New Footprint=CAPTDK0402
Change Physical Footprint: Designator=C34 Old Footprint=CAPTDK0402 New Footprint=CAPTDK0402
Change Physical Footprint: Designator=C35 Old Footprint=CAPTDK0402 New Footprint=CAPTDK0402
Change Physical Footprint: Designator=C36 Old Footprint=CAPTDK0402 New Footprint=CAPTDK0402
Change Physical Footprint: Designator=C37 Old Footprint=CAPTDK0402 New Footprint=CAPTDK0402
Change Physical Footprint: Designator=C38 Old Footprint=CAPTDK0402 New Footprint=CAPTDK0402
Change Physical Footprint: Designator=C40 Old Footprint=CAPTDK0402 New Footprint=CAPTDK0402
Change Physical Footprint: Designator=C41 Old Footprint=CAPTDK0402 New Footprint=CAPTDK0402
Change Physical Footprint: Designator=C42 Old Footprint=CAPTDK0402 New Footprint=CAPTDK0402
Change Physical Footprint: Designator=C43 Old Footprint=CAPTDK0402 New Footprint=CAPTDK0402
Change Physical Footprint: Designator=C45 Old Footprint=CAPTDK0402 New Footprint=CAPTDK0402
Change Physical Footprint: Designator=C46 Old Footprint=CAPTDK0402 New Footprint=CAPTDK0402
Change Physical Footprint: Designator=C47 Old Footprint=CAPTDK0402 New Footprint=CAPTDK0402
Change Physical Footprint: Designator=C48 Old Footprint=CAPTDK0402 New Footprint=CAPTDK0402
Change Physical Footprint: Designator=C49 Old Footprint=CAPTDK0402 New Footprint=CAPTDK0402
Change Physical Footprint: Designator=C50 Old Footprint=CAPTDK0402 New Footprint=CAPTDK0402
Change Physical Footprint: Designator=C51 Old Footprint=CAPTDK0402 New Footprint=CAPTDK0402
Change Physical Footprint: Designator=C52 Old Footprint=CAPTDK0402 New Footprint=CAPTDK0402
Change Physical Footprint: Designator=C53 Old Footprint=CAPTDK0402 New Footprint=CAPTDK0402
Change Physical Footprint: Designator=C54 Old Footprint=CAPTDK0402 New Footprint=CAPTDK0402
Change Physical Footprint: Designator=C55 Old Footprint=CAPTDK0402 New Footprint=CAPTDK0402
Change Physical Footprint: Designator=C56 Old Footprint=CAPTDK0402 New Footprint=CAPTDK0402
Change Physical Footprint: Designator=C57 Old Footprint=CAPTDK0402 New Footprint=CAPTDK0402
Change Physical Footprint: Designator=C58 Old Footprint=CAPTDK0402 New Footprint=CAPTDK0402
Change Physical Footprint: Designator=C60 Old Footprint=CAPTDK0402 New Footprint=CAPTDK0402
Change Physical Footprint: Designator=C61 Old Footprint=CAPTDK0402 New Footprint=CAPTDK0402
Change Physical Footprint: Designator=C62 Old Footprint=CAPTDK0402 New Footprint=CAPTDK0402
Change Physical Footprint: Designator=C64 Old Footprint=CAPTDK0402 New Footprint=CAPTDK0402
Change Physical Footprint: Designator=CR1 Old Footprint=SOT-23 New Footprint=SOT-23
Change Physical Footprint: Designator=CR2 Old Footprint=ZDO_1610_STM-M New Footprint=ZDO_1610_STM-M
Change Physical Footprint: Designator=CR3 Old Footprint=SOD-923_514AB_ONS New Footprint=SOD-923_514AB_ONS
Change Physical Footprint: Designator=D1 Old Footprint=TVSDIODE-0402 New Footprint=TVSDIODE-0402
Change Physical Footprint: Designator=D3 Old Footprint=LED_SFH 2703_OSR New Footprint=LED_SFH 2703_OSR
Change Physical Footprint: Designator=D4 Old Footprint=LXZ1-PR01 New Footprint=LXZ1-PR01
Change Physical Footprint: Designator=D5 Old Footprint=LXZ1-PR01 New Footprint=LXZ1-PR01
Change Physical Footprint: Designator=D6 Old Footprint=RED-PD New Footprint=RED-PD
Change Physical Footprint: Designator=D7 Old Footprint=S15193 New Footprint=S15193
Change Physical Footprint: Designator=D8 Old Footprint=CT DBLP31.12-6C5D-56-J6Q4_OSR New Footprint=CT DBLP31.12-6C5D-56-J6Q4_OSR
Change Physical Footprint: Designator=D9 Old Footprint=SFH 7015_OSR New Footprint=SFH 7015_OSR
Change Physical Footprint: Designator=D10 Old Footprint=LED_SFH 2703_OSR New Footprint=LED_SFH 2703_OSR
Change Physical Footprint: Designator=D11 Old Footprint=LED_SFH 2703_OSR New Footprint=LED_SFH 2703_OSR
Change Physical Footprint: Designator=D12 Old Footprint=SOD-523_0P9X1P3_ONS-L New Footprint=SOD-523_0P9X1P3_ONS-L
Change Physical Footprint: Designator=D13 Old Footprint=DISPLAY-LED New Footprint=DISPLAY-LED
Change Physical Footprint: Designator=FB1 Old Footprint=INDMURT0603 New Footprint=INDMURT0603
Change Physical Footprint: Designator=FB2 Old Footprint=INDMURT0603 New Footprint=INDMURT0603
Change Physical Footprint: Designator=FB3 Old Footprint=INDMURT0603 New Footprint=INDMURT0603
Change Physical Footprint: Designator=FB4 Old Footprint=INDMURT0603 New Footprint=INDMURT0603
Change Physical Footprint: Designator=FB5 Old Footprint=INDMURT0603 New Footprint=INDMURT0603
Change Physical Footprint: Designator=J1 Old Footprint=CONN_GRBP032_SUL New Footprint=CONN_GRBP032_SUL
Change Physical Footprint: Designator=J2 Old Footprint=2-PIN-TH-CONN New Footprint=2-PIN-TH-CONN
Change Physical Footprint: Designator=J3 Old Footprint=2171790001_MOL New Footprint=2171790001_MOL
Change Physical Footprint: Designator=J4 Old Footprint=Battery_connection New Footprint=Battery_connection
Change Physical Footprint: Designator=J5 Old Footprint=RF-CONNECTOR New Footprint=RF-CONNECTOR
Change Physical Footprint: Designator=J6 Old Footprint=electrode New Footprint=electrode
Change Physical Footprint: Designator=J7 Old Footprint=electrode New Footprint=electrode
Change Physical Footprint: Designator=J8 Old Footprint=electrode New Footprint=electrode
Change Physical Footprint: Designator=J9 Old Footprint=electrode New Footprint=electrode
Change Physical Footprint: Designator=J11 Old Footprint=NTC_connection New Footprint=NTC_connection
Change Physical Footprint: Designator=L5 Old Footprint=INDTDK0201 New Footprint=INDTDK0201
Change Physical Footprint: Designator=L6 Old Footprint=INDTDK0201 New Footprint=INDTDK0201
Change Physical Footprint: Designator=L7 Old Footprint=IND_DFE2016_MUR-L New Footprint=IND_DFE2016_MUR-L
Change Physical Footprint: Designator=L9 Old Footprint=IND_DFE2016_MUR-L New Footprint=IND_DFE2016_MUR-L
Change Physical Footprint: Designator=L10 Old Footprint=IND_DFE2016_MUR-L New Footprint=IND_DFE2016_MUR-L
Change Physical Footprint: Designator=R1 Old Footprint=RES-STACK-POLE-0402 New Footprint=RES-STACK-POLE-0402
Change Physical Footprint: Designator=R2 Old Footprint=RES-STACK-POLE-0402 New Footprint=RES-STACK-POLE-0402
Change Physical Footprint: Designator=R3 Old Footprint=RES-STACK-POLE-0603 New Footprint=RES-STACK-POLE-0603
Change Physical Footprint: Designator=R4 Old Footprint=RES-STACK-POLE-0603 New Footprint=RES-STACK-POLE-0603
Change Physical Footprint: Designator=R5 Old Footprint=RES-STACK-POLE-0402 New Footprint=RES-STACK-POLE-0402
Change Physical Footprint: Designator=R6 Old Footprint=RES-STACK-POLE-0402 New Footprint=RES-STACK-POLE-0402
Change Physical Footprint: Designator=R7 Old Footprint=RES-STACK-POLE-0603 New Footprint=RES-STACK-POLE-0603
Change Physical Footprint: Designator=R8 Old Footprint=RES-STACK-POLE-0402 New Footprint=RES-STACK-POLE-0402
Change Physical Footprint: Designator=R9 Old Footprint=RES-STACK-POLE-0402 New Footprint=RES-STACK-POLE-0402
Change Physical Footprint: Designator=R10 Old Footprint=RES-STACK-POLE-0603 New Footprint=RES-STACK-POLE-0603
Change Physical Footprint: Designator=R11 Old Footprint=RES-STACK-POLE-0402 New Footprint=RES-STACK-POLE-0402
Change Physical Footprint: Designator=R15 Old Footprint=RES-STACK-POLE-0402 New Footprint=RES-STACK-POLE-0402
Change Physical Footprint: Designator=R17 Old Footprint=RES-STACK-POLE-0603 New Footprint=RES-STACK-POLE-0603
Change Physical Footprint: Designator=R19 Old Footprint=RES-STACK-POLE-0402 New Footprint=RES-STACK-POLE-0402
Change Physical Footprint: Designator=R20 Old Footprint=RES-STACK-POLE-0603 New Footprint=RES-STACK-POLE-0603
Change Physical Footprint: Designator=R21 Old Footprint=RES-STACK-POLE-0603 New Footprint=RES-STACK-POLE-0603
Change Physical Footprint: Designator=R22 Old Footprint=RES-STACK-POLE-0402 New Footprint=RES-STACK-POLE-0402
Change Physical Footprint: Designator=R24 Old Footprint=RES-STACK-POLE-0402 New Footprint=RES-STACK-POLE-0402
Change Physical Footprint: Designator=R25 Old Footprint=RES-STACK-POLE-0603 New Footprint=RES-STACK-POLE-0603
Change Physical Footprint: Designator=R28 Old Footprint=RES-STACK-POLE-0402 New Footprint=RES-STACK-POLE-0402
Change Physical Footprint: Designator=R31 Old Footprint=RES-STACK-POLE-0402 New Footprint=RES-STACK-POLE-0402
Change Physical Footprint: Designator=R32 Old Footprint=RES-STACK-POLE-0402 New Footprint=RES-STACK-POLE-0402
Change Physical Footprint: Designator=R33 Old Footprint=RES-STACK-POLE-0402 New Footprint=RES-STACK-POLE-0402
Change Physical Footprint: Designator=R34 Old Footprint=RES-STACK-POLE-0603 New Footprint=RES-STACK-POLE-0603
Change Physical Footprint: Designator=R35 Old Footprint=RES-STACK-POLE-0603 New Footprint=RES-STACK-POLE-0603
Change Physical Footprint: Designator=R36 Old Footprint=RES-STACK-POLE-0402 New Footprint=RES-STACK-POLE-0402
Change Physical Footprint: Designator=R37 Old Footprint=RES-STACK-POLE-0402 New Footprint=RES-STACK-POLE-0402
Change Physical Footprint: Designator=R38 Old Footprint=RES-STACK-POLE-0402 New Footprint=RES-STACK-POLE-0402
Change Physical Footprint: Designator=R39 Old Footprint=RES-STACK-POLE-0603 New Footprint=RES-STACK-POLE-0603
Change Physical Footprint: Designator=R40 Old Footprint=RES-STACK-POLE-0603 New Footprint=RES-STACK-POLE-0603
Change Physical Footprint: Designator=R41 Old Footprint=RES-STACK-POLE-0603 New Footprint=RES-STACK-POLE-0603
Change Physical Footprint: Designator=SC1 Old Footprint=RF-SHIELD+CLIP New Footprint=RF-SHIELD+CLIP
Change Physical Footprint: Designator=SW1 Old Footprint=TACTILE-SWITCH - TINY New Footprint=TACTILE-SWITCH - TINY
Change Physical Footprint: Designator=SW2 Old Footprint=TACTILE-SWITCH New Footprint=TACTILE-SWITCH
Change Physical Footprint: Designator=TP1 Old Footprint=TESTPOINT_S New Footprint=TESTPOINT_S
Change Physical Footprint: Designator=TP2 Old Footprint=TESTPOINT_S New Footprint=TESTPOINT_S
Change Physical Footprint: Designator=TP3 Old Footprint=TESTPOINT_S New Footprint=TESTPOINT_S
Change Physical Footprint: Designator=TP4 Old Footprint=TESTPOINT_S New Footprint=TESTPOINT_S
Change Physical Footprint: Designator=TP5 Old Footprint=TESTPOINT_S New Footprint=TESTPOINT_S
Change Physical Footprint: Designator=TP6 Old Footprint=TESTPOINT_S New Footprint=TESTPOINT_S
Change Physical Footprint: Designator=TP7 Old Footprint=TESTPOINT_S New Footprint=TESTPOINT_S
Change Physical Footprint: Designator=TP8 Old Footprint=TESTPOINT_S New Footprint=TESTPOINT_S
Change Physical Footprint: Designator=TP9 Old Footprint=TESTPOINT_S New Footprint=TESTPOINT_S
Change Physical Footprint: Designator=TP10 Old Footprint=TESTPOINT_S New Footprint=TESTPOINT_S
Change Physical Footprint: Designator=TP11 Old Footprint=TESTPOINT_S New Footprint=TESTPOINT_S
Change Physical Footprint: Designator=TP12 Old Footprint=TESTPOINT_S New Footprint=TESTPOINT_S
Change Physical Footprint: Designator=TP13 Old Footprint=TESTPOINT_S New Footprint=TESTPOINT_S
Change Physical Footprint: Designator=TP14 Old Footprint=TESTPOINT_S New Footprint=TESTPOINT_S
Change Physical Footprint: Designator=TP15 Old Footprint=TESTPOINT_S New Footprint=TESTPOINT_S
Change Physical Footprint: Designator=U1 Old Footprint=21-100260_W563H3+1_ADI New Footprint=21-100260_W563H3+1_ADI
Change Physical Footprint: Designator=U3 Old Footprint=BGA5x5_S25FL512SAGBHEA10_INF New Footprint=BGA5x5_S25FL512SAGBHEA10_INF
Change Physical Footprint: Designator=U4 Old Footprint=ADXL367BCCZ-RL7 New Footprint=ADXL367BCCZ-RL7
Change Physical Footprint: Designator=U5 Old Footprint=ADPD7001_36-WLCSP New Footprint=ADPD7001_36-WLCSP
Change Physical Footprint: Designator=U6 Old Footprint=STM32WB55RG New Footprint=STM32WB55RG
Change Physical Footprint: Designator=U7 Old Footprint=Matched-Filter-2.4GHz New Footprint=Matched-Filter-2.4GHz
Change Physical Footprint: Designator=U8 Old Footprint=BME280_FOOTPRINT New Footprint=BME280_FOOTPRINT
Change Physical Footprint: Designator=XO1 Old Footprint=HSE-32MHZ New Footprint=HSE-32MHZ
Change Physical Footprint: Designator=XO2 Old Footprint=LSE-32K New Footprint=LSE-32K
