Removed Pin From Net: NetName=BAT+ Pin=C15-1
Change Component Footprint: Designator=C13 Old Footprint=CAPTDK0603 New Footprint=CAPTDK0402
Change Component Footprint: Designator=C15 Old Footprint=CAPTDK0603 New Footprint=CAPTDK0402
Change Component Comment : Designator=C13 Old Comment=C1608X5R1E105K080AC New Comment=C1005X5R1V105K050BC
Change Component Comment : Designator=C15 Old Comment=C1608X5R1E105K080AC New Comment=GRM155R61A106ME11D
Change component parameters: Designator = "C13" ("C13"); Footprint = "CAPTDK0603"; UniqueID = "\DTOTADKG\UXRDNMCB\CFUTNSEC" ("\DTOTADKG\UXRDNMCB\CFUTNSEC")
Change component parameters (AddParameter): Name = "Supplier 1"; Value = "Digi-Key"; VariantName = "[No Variations]"
Change component parameters (AddParameter): Name = "Supplier Part Number 1"; Value = "445-9073-1-ND"; VariantName = "[No Variations]"
Change component parameters: Designator = "C15" ("C15"); Footprint = "CAPTDK0603"; UniqueID = "\DTOTADKG\UXRDNMCB\ALVMFOWP" ("\DTOTADKG\UXRDNMCB\ALVMFOWP")
Change component parameters (AddParameter): Name = "Supplier 1"; Value = "Digi-Key"; VariantName = "[No Variations]"
Change component parameters (AddParameter): Name = "Supplier Part Number 1"; Value = "490-GRM155R61A106ME11DCT-ND"; VariantName = "[No Variations]"
Added Component: Designator=C63(CAPTDK0402)
Add component (AddParameter): Name = "Supplier 1"; Value = "Digi-Key"; VariantName = "[No Variations]"
Add component (AddParameter): Name = "Supplier Part Number 1"; Value = "445-9073-1-ND"; VariantName = "[No Variations]"
Added Pin To Net: NetName=VIN_REG Pin=C15-1
Added Pin To Net: NetName=BAT+ Pin=C63-1
Added Pin To Net: NetName=GND Pin=C63-2
Added Member To Class: ClassName=U_03-multimodal-battery-charger Member=Component C63 C1005X5R1V105K050BC
Add Class Member: Failed to add class member : Component SH1 MS190-10C
Added Member To Class: ClassName=U_03-multimodal-battery-charger Member=Component U2 BQ21088YBGR
