Removed Pin From Net: NetName=USB_DP Pin=CR1-4
Removed Pin From Net: NetName=USB_DN Pin=CR1-6
Removed Pin From Net: NetName=QUAD_SPI_IO1 Pin=U6-6
Removed Pin From Net: NetName=QUAD_SPI_IO0 Pin=U6-7
Removed Pin From Net: NetName=1V8_EN Pin=U6-24
Removed Pin From Net: NetName=5V_EN Pin=U6-26
Removed Pin From Net: NetName=BQ_INT Pin=U6-38
Removed Pin From Net: NetName=NetR24_1 Pin=U6-46
Removed Pin From Net: NetName=DISP_LED Pin=U6-51
Removed Pin From Net: NetName=NetCR1_1 Pin=U6-52
Removed Pin From Net: NetName=NetCR1_3 Pin=U6-53
Added Pin To Net: NetName=USB_DN Pin=CR1-4
Added Pin To Net: NetName=USB_DP Pin=CR1-6
Added Pin To Net: NetName=QUAD_SPI_IO0 Pin=U6-6
Added Pin To Net: NetName=QUAD_SPI_IO1 Pin=U6-7
Added Pin To Net: NetName=DISP_LED Pin=U6-38
Added Pin To Net: NetName=NetR24_1 Pin=U6-51
Added Pin To Net: NetName=NetCR1_3 Pin=U6-52
Added Pin To Net: NetName=NetCR1_1 Pin=U6-53
Added Pin To Net: NetName=1V8_EN Pin=U6-60
Added Pin To Net: NetName=5V_EN Pin=U6-61
Added Pin To Net: NetName=BQ_INT Pin=U6-64
Added Pin To Net: NetName=GND Pin=U6-69
Add Differential Pair: Number of nets in differential pair USB_DN is 1 instead of 2
Add Class Member: Failed to add class member : Component SH1 MS190-10C
