Removed Pin From Net: NetName=1V8D Pin=C13-1
Removed Pin From Net: NetName=1V8D Pin=TP13-1
Added Component: Designator=U1(21-100260_W563H3+1_ADI)
Add component (AddParameter): Name = "Copyright"; Value = "Copyright (C) 2026 Ultra Librarian. All rights reserved."; VariantName = "[No Variations]"
Add component (AddParameter): Name = "Manufacturer_Name"; Value = "Analog Devices Inc"; VariantName = "[No Variations]"
Add component (AddParameter): Name = "Manufacturer_Part_Number"; Value = "MAX20345KEWN+T"; VariantName = "[No Variations]"
Add component (AddParameter): Name = "RefDes"; Value = "RefDes"; VariantName = "[No Variations]"
Add component (AddParameter): Name = "Supplier 1"; Value = "DigiKey"; VariantName = "[No Variations]"
Add component (AddParameter): Name = "Supplier Part Number 1"; Value = "505-MAX20345JEWN+TTR-ND"; VariantName = "[No Variations]"
Add component (AddParameter): Name = "Type"; Value = "Type"; VariantName = "[No Variations]"
Added Pin To Net: NetName=1V8D Pin=C31-1
Added Pin To Net: NetName=1V8D Pin=C47-1
Added Pin To Net: NetName=1V8D Pin=R1-2
Added Pin To Net: NetName=NetL7_1 Pin=U1-A1
Added Pin To Net: NetName=GND Pin=U1-A2
Added Pin To Net: NetName=NetL7_2 Pin=U1-A3
Added Pin To Net: NetName=SYS Pin=U1-A4
Added Pin To Net: NetName=L3OUT Pin=U1-A6
Added Pin To Net: NetName=GND Pin=U1-A7
Added Pin To Net: NetName=NetL9_1 Pin=U1-A8
Added Pin To Net: NetName=5V_LED Pin=U1-B1
Added Pin To Net: NetName=5V_LED Pin=U1-B2
Added Pin To Net: NetName=SYS Pin=U1-B3
Added Pin To Net: NetName=ISET Pin=U1-B4
Added Pin To Net: NetName=SYS Pin=U1-B5
Added Pin To Net: NetName=SYS Pin=U1-B6
Added Pin To Net: NetName=3V3D Pin=U1-B7
Added Pin To Net: NetName=SYS Pin=U1-B8
Added Pin To Net: NetName=BAT+ Pin=U1-C1
Added Pin To Net: NetName=BAT+ Pin=U1-C2
Added Pin To Net: NetName=THM Pin=U1-C3
Added Pin To Net: NetName=TPU Pin=U1-C4
Added Pin To Net: NetName=GND Pin=U1-C5
Added Pin To Net: NetName=SYS Pin=U1-D1
Added Pin To Net: NetName=SYS Pin=U1-D2
Added Pin To Net: NetName=GND Pin=U1-D4
Added Pin To Net: NetName=GND Pin=U1-D5
Added Pin To Net: NetName=PFN2 Pin=U1-D6
Added Pin To Net: NetName=I2C1_SCL Pin=U1-D8
Added Pin To Net: NetName=USB_VBUS Pin=U1-E1
Added Pin To Net: NetName=USB_VBUS Pin=U1-E2
Added Pin To Net: NetName=NetC64_1 Pin=U1-E3
Added Pin To Net: NetName=GND Pin=U1-E4
Added Pin To Net: NetName=GND Pin=U1-E5
Added Pin To Net: NetName=NetR10_2 Pin=U1-E6
Added Pin To Net: NetName=PFN1 Pin=U1-E7
Added Pin To Net: NetName=I2C1_SDA Pin=U1-E8
Added Pin To Net: NetName=SYS Pin=U1-F1
Added Pin To Net: NetName=SYS Pin=U1-F3
Added Pin To Net: NetName=NetTP10_1 Pin=U1-F6
Added Pin To Net: NetName=SYS Pin=U1-F8
Added Pin To Net: NetName=NetL10_2 Pin=U1-G1
Added Pin To Net: NetName=GND Pin=U1-G2
Added Pin To Net: NetName=INT Pin=U1-G6
Added Pin To Net: NetName=GND Pin=U1-G7
Added Pin To Net: NetName=1V8D Pin=U5-D2
Add Net: Net with name "1V8A" already exists
Add Net: Net with name "1V8D" already exists
Add Net: Net with name "3V3_LED" already exists
Add Net: Net with name "5V_LED" already exists
Add Differential Pair: Number of nets in differential pair USB_DN is 1 instead of 2
Add Class Member: Failed to add class member : Component SH1 MS190-10C
Added Member To Class: ClassName=U_01-multimodal-powersupply Member=Component U1 MAX20345JEWN+T
