Removed Pin From Net: NetName=BAT- Pin=U9-1
Removed Pin From Net: NetName=I2C1_SDA Pin=U9-2
Removed Pin From Net: NetName=VDDIO Pin=U9-3
Removed Pin From Net: NetName=I2C1_SCL Pin=U9-4
Removed Pin From Net: NetName=ACC_INT1 Pin=U9-5
Removed Pin From Net: NetName=ACC_INT2 Pin=U9-6
Removed Pin From Net: NetName=BAT- Pin=U9-7
Removed Pin From Net: NetName=NetR38_2 Pin=U9-8
Removed Pin From Net: NetName=ACC_VREG_OUT Pin=U9-9
Removed Pin From Net: NetName=VS Pin=U9-10
Removed Pin From Net: NetName=BAT- Pin=U9-11
Removed Pin From Net: NetName=VDDIO Pin=U9-12
Removed Member From Class: ClassName=U_12-multimodal-accelerometer Member=U9
Added Component: Designator=U?(ADXL367BCCZ-RL7)
Add component (AddParameter): Name = "Copyright"; Value = "Copyright (C) 2025 Ultra Librarian. All rights reserved."; VariantName = "[No Variations]"
Add component (AddParameter): Name = "Manufacturer_Name"; Value = "Analog Devices Inc"; VariantName = "[No Variations]"
Add component (AddParameter): Name = "Manufacturer_Part_Number"; Value = "ADXL367BCCZ-RL7"; VariantName = "[No Variations]"
Add component (AddParameter): Name = "RefDes"; Value = "RefDes"; VariantName = "[No Variations]"
Add component (AddParameter): Name = "Supplier 1"; Value = "DigiKey"; VariantName = "[No Variations]"
Add component (AddParameter): Name = "Supplier Part Number 1"; Value = "505-ADXL367BCCZ-RL7CT-ND"; VariantName = "[No Variations]"
Add component (AddParameter): Name = "Type"; Value = "Motion Sensors"; VariantName = "[No Variations]"
Add Pin To Net: Unknown Pin: Pin L1-1
Add Pin To Net: Unknown Pin: Pin L1-2
Added Pin To Net: NetName=BAT- Pin=U?-1
Added Pin To Net: NetName=I2C1_SDA Pin=U?-2
Added Pin To Net: NetName=VDDIO Pin=U?-3
Added Pin To Net: NetName=I2C1_SCL Pin=U?-4
Added Pin To Net: NetName=ACC_INT1 Pin=U?-5
Added Pin To Net: NetName=ACC_INT2 Pin=U?-6
Added Pin To Net: NetName=BAT- Pin=U?-7
Added Pin To Net: NetName=NetR38_2 Pin=U?-8
Added Pin To Net: NetName=ACC_VREG_OUT Pin=U?-9
Added Pin To Net: NetName=VS Pin=U?-10
Added Pin To Net: NetName=BAT- Pin=U?-11
Added Pin To Net: NetName=VDDIO Pin=U?-12
Change Net Name : Old Net Name=PMIC_IN New Net Name=VIN_REG
Add Class Member: Failed to add class member : Component L1 LQH43CN3R3M03L
Add Class Member: Failed to add class member : Component SH1 MS190-10C
Added Member To Class: ClassName=U_12-multimodal-accelerometer Member=Component U? ADXL367BCCZ-RL7
